<?xml version="1.0" encoding="UTF-8"?>
<testng-results ignored="0" total="4" passed="4" failed="0" skipped="0">
  <reporter-output>
  </reporter-output>
  <suite started-at="2025-06-24T14:55:56 IST" name="Default suite" finished-at="2025-06-24T14:57:19 IST" duration-ms="82827">
    <groups>
    </groups>
    <test started-at="2025-06-24T14:55:56 IST" name="Default test" finished-at="2025-06-24T14:57:19 IST" duration-ms="82827">
      <class name="com.omrbranch.FullEcommerce">
        <test-method signature="createOrderNo()[pri:1, instance:com.omrbranch.FullEcommerce@f5958c9]" started-at="2025-06-24T14:55:56 IST" name="createOrderNo" finished-at="2025-06-24T14:57:14 IST" duration-ms="77340" status="PASS">
          <reporter-output>
          </reporter-output>
        </test-method> <!-- createOrderNo -->
        <test-method signature="login()[pri:2, instance:com.omrbranch.FullEcommerce@f5958c9]" started-at="2025-06-24T14:57:14 IST" name="login" finished-at="2025-06-24T14:57:17 IST" duration-ms="3075" status="PASS">
          <reporter-output>
          </reporter-output>
        </test-method> <!-- login -->
        <test-method signature="getAllOrder()[pri:3, instance:com.omrbranch.FullEcommerce@f5958c9]" started-at="2025-06-24T14:57:17 IST" name="getAllOrder" finished-at="2025-06-24T14:57:18 IST" duration-ms="1129" status="PASS">
          <reporter-output>
          </reporter-output>
        </test-method> <!-- getAllOrder -->
        <test-method signature="cancelOrder()[pri:4, instance:com.omrbranch.FullEcommerce@f5958c9]" started-at="2025-06-24T14:57:18 IST" name="cancelOrder" finished-at="2025-06-24T14:57:19 IST" duration-ms="1204" status="PASS">
          <reporter-output>
          </reporter-output>
        </test-method> <!-- cancelOrder -->
      </class> <!-- com.omrbranch.FullEcommerce -->
    </test> <!-- Default test -->
  </suite> <!-- Default suite -->
</testng-results>
